<?xml version="1.0" encoding="UTF-8"?>
<!-- Generated by org.testng.reporters.JUnitReportReporter -->
<testsuite hostname="DESKTOP-H3BJM4J" failures="0" tests="2" name="learn.Learn" time="0.022" errors="0" timestamp="2022-11-07T17:32:30 IST" skipped="0">
  <testcase classname="learn.Learn" name="athod1" time="0.004"/>
  <system-out/>
  <testcase classname="learn.Learn" name="method1" time="0.018"/>
  <system-out/>
</testsuite> <!-- learn.Learn -->
