<?xml version="1.0" encoding="UTF-8"?>
<!-- Generated by org.testng.reporters.JUnitReportReporter -->
<testsuite hostname="DESKTOP-H3BJM4J" failures="0" tests="2" name="excersises.Excersises" time="0.000" errors="0" timestamp="2022-11-09T12:18:19 IST" skipped="2">
  <testcase classname="excersises.Excersises" name="testcase" time="0.000">
    <skipped/>
  </testcase> <!-- testcase -->
  <system-out/>
  <testcase classname="excersises.Excersises" name="beforesuite" time="0.000">
    <skipped/>
  </testcase> <!-- beforesuite -->
  <system-out/>
</testsuite> <!-- excersises.Excersises -->
