<?xml version="1.0" encoding="UTF-8"?>
<!-- Generated by org.testng.reporters.JUnitReportReporter -->
<testsuite hostname="DESKTOP-H3BJM4J" failures="0" tests="2" name="learn.DataProvider" time="47.582" errors="0" timestamp="2022-11-14T15:02:21 IST" skipped="0">
  <testcase classname="learn.DataProvider" name="main" time="18.440"/>
  <system-out/>
  <testcase classname="learn.DataProvider" name="main" time="29.142"/>
  <system-out/>
</testsuite> <!-- learn.DataProvider -->
