<?xml version="1.0" encoding="UTF-8"?>
<!-- Generated by org.testng.reporters.JUnitReportReporter -->
<testsuite hostname="DESKTOP-H3BJM4J" failures="0" tests="1" name="testcase.Kk" time="0.020" errors="0" timestamp="2022-07-17T05:03:51 GMT-07:00" skipped="0">
  <testcase classname="testcase.Kk" name="krk" time="0.020"/>
  <system-out/>
</testsuite> <!-- testcase.Kk -->
