<?xml version="1.0" encoding="UTF-8"?>
<!-- Generated by org.testng.reporters.JUnitReportReporter -->
<testsuite hostname="DESKTOP-H3BJM4J" failures="0" tests="1" name="testcase.CreateLead" time="26.997" errors="0" timestamp="2022-07-17T05:36:50 GMT-07:00" skipped="0">
  <testcase classname="testcase.CreateLead" name="main" time="26.997"/>
  <system-out/>
</testsuite> <!-- testcase.CreateLead -->
