<?xml version="1.0" encoding="UTF-8"?>
<!-- Generated by org.testng.reporters.JUnitReportReporter -->
<testsuite hostname="DESKTOP-H3BJM4J" failures="0" tests="1" name="learnlisteners.Listeners" time="0.016" errors="0" timestamp="2022-07-27T04:16:37 GMT-07:00" skipped="0">
  <testcase classname="learnlisteners.Listeners" name="Test" time="0.016"/>
  <system-out/>
</testsuite> <!-- learnlisteners.Listeners -->
