<?xml version="1.0" encoding="UTF-8"?>
<!-- Generated by org.testng.reporters.JUnitReportReporter -->
<testsuite hostname="DESKTOP-H3BJM4J" failures="0" tests="1" name="testcase.testcase.CreateLead" time="0.000" errors="0" timestamp="2022-07-23T03:13:26 GMT-07:00" skipped="1">
  <testcase classname="testcase.testcase.CreateLead" name="main" time="0.000">
    <skipped/>
  </testcase> <!-- main -->
  <system-out/>
</testsuite> <!-- testcase.testcase.CreateLead -->
