<?xml version="1.0" encoding="UTF-8"?>
<!-- Generated by org.testng.reporters.JUnitReportReporter -->
<testsuite hostname="DESKTOP-H3BJM4J" failures="0" tests="1" name="testcase.testcase.DuplicateLead" time="77.554" errors="0" timestamp="2022-07-20T23:17:04 GMT-07:00" skipped="0">
  <testcase classname="testcase.testcase.DuplicateLead" name="main" time="77.554"/>
  <system-out/>
</testsuite> <!-- testcase.testcase.DuplicateLead -->
