<?xml version="1.0" encoding="UTF-8"?>
<!-- Generated by org.testng.reporters.JUnitReportReporter -->
<testsuite hostname="DESKTOP-H3BJM4J" failures="0" tests="1" name="com.learung.testcase.Jk" time="0.017" errors="0" timestamp="2022-07-19T06:25:29 GMT-07:00" skipped="0">
  <testcase classname="com.learung.testcase.Jk" name="main2" time="0.017"/>
  <system-out/>
</testsuite> <!-- com.learung.testcase.Jk -->
