<?xml version="1.0" encoding="UTF-8"?>
<!-- Generated by org.testng.reporters.JUnitReportReporter -->
<testsuite hostname="DESKTOP-H3BJM4J" failures="0" tests="1" name="testCase.Loginpage" time="53.758" errors="0" timestamp="2022-11-22T10:28:02 IST" skipped="0">
  <testcase classname="testCase.Loginpage" name="Login" time="53.758"/>
  <system-out/>
</testsuite> <!-- testCase.Loginpage -->
