<?xml version="1.0" encoding="UTF-8"?>
<!-- Generated by org.testng.reporters.JUnitReportReporter -->
<testsuite hostname="DESKTOP-H3BJM4J" failures="0" tests="1" name="testCase.CartPage" time="55.591" errors="0" timestamp="2022-11-22T10:30:33 IST" skipped="0">
  <testcase classname="testCase.CartPage" name="search" time="55.591"/>
  <system-out/>
</testsuite> <!-- testCase.CartPage -->
