<?xml version="1.0" encoding="UTF-8"?>
<!-- Generated by org.testng.reporters.JUnitReportReporter -->
<testsuite hostname="DESKTOP-H3BJM4J" failures="0" tests="1" name="com.TestRunner.TestRunner" time="0.219" errors="0" timestamp="2022-08-09T05:55:47 GMT-07:00" skipped="0">
  <testcase classname="com.TestRunner.TestRunner" name="runScenario" time="0.219"/>
  <system-out/>
</testsuite> <!-- com.TestRunner.TestRunner -->
